1756054660 | Backup process started at 20250824 16:57:40
--------------------------------------------------
[20250824 16:57:40] Starting Backup
Target Directory: /data
Backup Destination: /app/backups/incremental-20250824/backup_data_20250824.tar.gz
DB Dump File: /app/backups/incremental-20250824/fastapi_db_dump_20250824.sql

1756054660 | Checking GitHub repo capstone-backup
1756054660 | Initializing git repo
1756054660 | Using branch main
1756054660 | Dumping fastapi DB
1756054660 | DB dump complete
1756054660 | Creating backup archive
1756054660 | Archive created
1756054660 | Generating backup report
1756054660 | Changes detected, committing...
1756054660 | Push failed, attempting pull and retry
1756054660 | Changes pushed to remote
remote: This repository moved. Please use the new location:        
remote:   https://github.com/Ahmed0Raza/capstone-backup.git        
To https://github.com/ahmed0raza/capstone-backup.git
 * [new tag]         backup-20250824-16-57-40 -> backup-20250824-16-57-40
1756058400 | Backup process started at 20250824 18:00:00
--------------------------------------------------
[20250824 18:00:00] Starting Backup
Target Directory: /data
Backup Destination: /app/backups/incremental-20250824/backup_data_20250824.tar.gz
DB Dump File: /app/backups/incremental-20250824/fastapi_db_dump_20250824.sql

1756058400 | Checking GitHub repo capstone-backup
1756058400 | Git repo already initialized
1756058400 | Using branch main
1756058400 | Dumping fastapi DB
1756058400 | DB dump complete
1756058400 | Creating backup archive
1756058400 | Archive created
1756058400 | Generating backup report
