--------------------------------------------------
[20250809 16:26:40] Starting Backup
--------------------------------------------------
Target Directory : /dbdata
Backup Destination: /app/backups/incremental-20250809/backup_dbdata_20250809.tar.gz

[20250809 16:26:40] Archiving /dbdata...
[20250809 16:26:40] Backup completed.
--------------------------------------------------
[20250809 16:30:02] Starting Backup
--------------------------------------------------
Target Directory : /dbdata
Backup Destination: /app/backups/incremental-20250809/backup_dbdata_20250809.tar.gz

[20250809 16:30:02] Archiving /dbdata...
[20250809 16:30:02] Backup completed.
--------------------------------------------------
[20250809 16:31:00] Starting Backup
--------------------------------------------------
Target Directory : /dbdata
Backup Destination: /app/backups/incremental-20250809/backup_dbdata_20250809.tar.gz

[20250809 16:31:00] Archiving /dbdata...
[20250809 16:31:00] Backup completed.
--------------------------------------------------
[20250809 16:32:00] Starting Backup
--------------------------------------------------
Target Directory : /dbdata
Backup Destination: /app/backups/incremental-20250809/backup_dbdata_20250809.tar.gz

[20250809 16:32:00] Archiving /dbdata...
[20250809 16:32:00] Backup completed.
--------------------------------------------------
[20250809 16:33:00] Starting Backup
--------------------------------------------------
Target Directory : /dbdata
Backup Destination: /app/backups/incremental-20250809/backup_dbdata_20250809.tar.gz

[20250809 16:33:00] Archiving /dbdata...
[20250809 16:33:00] Backup completed.
--------------------------------------------------
[20250809 16:34:00] Starting Backup
--------------------------------------------------
Target Directory : /dbdata
Backup Destination: /app/backups/incremental-20250809/backup_dbdata_20250809.tar.gz

[20250809 16:34:00] Archiving /dbdata...
[20250809 16:34:00] Backup completed.
--------------------------------------------------
[20250809 16:35:00] Starting Backup
--------------------------------------------------
Target Directory : /dbdata
Backup Destination: /app/backups/incremental-20250809/backup_dbdata_20250809.tar.gz

[20250809 16:35:00] Archiving /dbdata...
[20250809 16:35:00] Backup completed.
