1754956800 | Backup process started at 20250812 00:00:00
--------------------------------------------------
[20250812 00:00:00] Starting Backup
Target Directory: /data
Backup Destination: /app/backups/incremental-20250812/backup_data_20250812.tar.gz
DB Dump File: /app/backups/incremental-20250812/fastapi_db_dump_20250812.sql

1754956800 | Checking GitHub repo capstone-backup
1754956800 | Git repo already initialized
1754956800 | Using branch main
1754956800 | Dumping fastapi DB
1754956800 | DB dump complete
1754956800 | Creating backup archive
1754956800 | Archive created
1754956800 | Generating backup report
1754956800 | Changes detected, committing...
1754956800 | Changes pushed to remote
remote: This repository moved. Please use the new location:        
remote:   https://github.com/Ahmed0Raza/capstone-backup.git        
To https://github.com/ahmed0raza/capstone-backup.git
 * [new tag]         backup-20250812-00-00-00 -> backup-20250812-00-00-00
1754978400 | Backup process started at 20250812 06:00:00
--------------------------------------------------
[20250812 06:00:00] Starting Backup
Target Directory: /data
Backup Destination: /app/backups/incremental-20250812/backup_data_20250812.tar.gz
DB Dump File: /app/backups/incremental-20250812/fastapi_db_dump_20250812.sql

1754978400 | Checking GitHub repo capstone-backup
1754978400 | Git repo already initialized
1754978400 | Using branch main
1754978400 | Dumping fastapi DB
1754978400 | DB dump complete
1754978400 | Creating backup archive
1754978400 | Archive created
1754978400 | Generating backup report
1754978400 | Changes detected, committing...
1754978400 | Changes pushed to remote
remote: This repository moved. Please use the new location:        
remote:   https://github.com/Ahmed0Raza/capstone-backup.git        
To https://github.com/ahmed0raza/capstone-backup.git
 * [new tag]         backup-20250812-06-00-00 -> backup-20250812-06-00-00
1755000000 | Backup process started at 20250812 12:00:00
--------------------------------------------------
[20250812 12:00:00] Starting Backup
Target Directory: /data
Backup Destination: /app/backups/incremental-20250812/backup_data_20250812.tar.gz
DB Dump File: /app/backups/incremental-20250812/fastapi_db_dump_20250812.sql

1755000000 | Checking GitHub repo capstone-backup
1755000000 | Git repo already initialized
1755000000 | Using branch main
1755000000 | Dumping fastapi DB
1755000000 | DB dump complete
1755000000 | Creating backup archive
1755000000 | Archive created
1755000000 | Generating backup report
